{
  "stats": {
    "suites": 1,
    "tests": 9,
    "passes": 5,
    "pending": 4,
    "failures": 0,
    "start": "2024-10-08T10:46:31.501Z",
    "end": "2024-10-08T10:46:32.586Z",
    "duration": 1085,
    "testsRegistered": 9,
    "passPercent": 100,
    "pendingPercent": 44.44444444444444,
    "other": 0,
    "hasOther": false,
    "skipped": 0,
    "hasSkipped": false
  },
  "results": [
    {
      "uuid": "be101b59-2a62-450d-8e23-fe3a97508b40",
      "title": "",
      "fullFile": "C:\\Users\\Adam\\Desktop\\warsztaty_node_js\\tests\\api.test.js",
      "file": "\\tests\\api.test.js",
      "beforeHooks": [],
      "afterHooks": [],
      "tests": [
        {
          "title": "Generate token",
          "fullTitle": "Generate token",
          "timedOut": false,
          "duration": 773,
          "state": "passed",
          "speed": "slow",
          "pass": true,
          "fail": false,
          "pending": false,
          "context": null,
          "code": "const response = await spec()\n.post(`${baseUrl}/Account/v1/GenerateToken`)\n.withBody({\n    userName: username,\n    password: secretPassword\n});\nexpect(response.statusCode).to.eql(200)\ntoken = response.body.token;",
          "err": {},
          "uuid": "10a458e9-4d57-4602-9205-707a29e2be6d",
          "parentUUID": "be101b59-2a62-450d-8e23-fe3a97508b40",
          "isHook": false,
          "skipped": false
        },
        {
          "title": "Show token",
          "fullTitle": "Show token",
          "timedOut": false,
          "duration": 1,
          "state": "passed",
          "speed": "fast",
          "pass": true,
          "fail": false,
          "pending": false,
          "context": null,
          "code": "console.log(token);",
          "err": {},
          "uuid": "31c3e9ec-07d9-4a2d-b7ec-9eda69b56099",
          "parentUUID": "be101b59-2a62-450d-8e23-fe3a97508b40",
          "isHook": false,
          "skipped": false
        },
        {
          "title": "Get userId",
          "fullTitle": "Get userId",
          "timedOut": false,
          "duration": 115,
          "state": "passed",
          "speed": "slow",
          "pass": true,
          "fail": false,
          "pending": false,
          "context": null,
          "code": "const response = await spec()\n.get(`${baseUrl}/Account/v1/User/${userID}`)\n.withBearerToken(token)\nexpect(response.statusCode).to.eql(200);",
          "err": {},
          "uuid": "feaeb905-0f2a-457d-95f4-30aae0d5caf3",
          "parentUUID": "be101b59-2a62-450d-8e23-fe3a97508b40",
          "isHook": false,
          "skipped": false
        },
        {
          "title": "Get books",
          "fullTitle": "Get books",
          "timedOut": false,
          "duration": 75,
          "state": "passed",
          "speed": "medium",
          "pass": true,
          "fail": false,
          "pending": false,
          "context": null,
          "code": "const response = await spec()\n.get(`${baseUrl}/BookStore/v1/Books`)\n.withBearerToken(token)\nexpect(response.statusCode).to.eql(200);",
          "err": {},
          "uuid": "c049c452-fb2e-47f3-bda7-b9d443d0a235",
          "parentUUID": "be101b59-2a62-450d-8e23-fe3a97508b40",
          "isHook": false,
          "skipped": false
        },
        {
          "title": "Add book",
          "fullTitle": "Add book",
          "timedOut": false,
          "duration": 0,
          "state": "pending",
          "speed": null,
          "pass": false,
          "fail": false,
          "pending": true,
          "context": null,
          "code": "",
          "err": {},
          "uuid": "fb4bf29b-780e-4dd4-ae18-c4c5298964ee",
          "parentUUID": "be101b59-2a62-450d-8e23-fe3a97508b40",
          "isHook": false,
          "skipped": false
        },
        {
          "title": "Delete book",
          "fullTitle": "Delete book",
          "timedOut": false,
          "duration": 0,
          "state": "pending",
          "speed": null,
          "pass": false,
          "fail": false,
          "pending": true,
          "context": null,
          "code": "",
          "err": {},
          "uuid": "f42fe53e-bfd5-4209-85a1-ab4d393da83b",
          "parentUUID": "be101b59-2a62-450d-8e23-fe3a97508b40",
          "isHook": false,
          "skipped": false
        },
        {
          "title": "Delete book",
          "fullTitle": "Delete book",
          "timedOut": false,
          "duration": 112,
          "state": "passed",
          "speed": "slow",
          "pass": true,
          "fail": false,
          "pending": false,
          "context": null,
          "code": "const response = await spec()\n    .delete(`${baseUrl}/BookStore/v1/Books?UserId=${userID}`)\n    .withBearerToken(token)\n   \nexpect(response.statusCode).to.eql(204);",
          "err": {},
          "uuid": "2128d3b4-1623-4f7e-bc16-2120f97b15b1",
          "parentUUID": "be101b59-2a62-450d-8e23-fe3a97508b40",
          "isHook": false,
          "skipped": false
        }
      ],
      "suites": [
        {
          "uuid": "7cdb4d52-8968-4eeb-b265-7a89750a0221",
          "title": "API tests",
          "fullFile": "C:\\Users\\Adam\\Desktop\\warsztaty_node_js\\tests\\api.test.js",
          "file": "\\tests\\api.test.js",
          "beforeHooks": [],
          "afterHooks": [],
          "tests": [
            {
              "title": "first test",
              "fullTitle": "API tests first test",
              "timedOut": false,
              "duration": 0,
              "state": "pending",
              "speed": null,
              "pass": false,
              "fail": false,
              "pending": true,
              "context": null,
              "code": "",
              "err": {},
              "uuid": "8979abb7-a750-4274-b9ba-002075803d86",
              "parentUUID": "7cdb4d52-8968-4eeb-b265-7a89750a0221",
              "isHook": false,
              "skipped": false
            },
            {
              "title": "Create user",
              "fullTitle": "API tests Create user",
              "timedOut": false,
              "duration": 0,
              "state": "pending",
              "speed": null,
              "pass": false,
              "fail": false,
              "pending": true,
              "context": null,
              "code": "",
              "err": {},
              "uuid": "129e1e68-1aab-4eb1-a60e-c43a4d48a4ce",
              "parentUUID": "7cdb4d52-8968-4eeb-b265-7a89750a0221",
              "isHook": false,
              "skipped": false
            }
          ],
          "suites": [],
          "passes": [],
          "failures": [],
          "pending": [
            "8979abb7-a750-4274-b9ba-002075803d86",
            "129e1e68-1aab-4eb1-a60e-c43a4d48a4ce"
          ],
          "skipped": [],
          "duration": 0,
          "root": false,
          "rootEmpty": false,
          "_timeout": 10000
        }
      ],
      "passes": [
        "10a458e9-4d57-4602-9205-707a29e2be6d",
        "31c3e9ec-07d9-4a2d-b7ec-9eda69b56099",
        "feaeb905-0f2a-457d-95f4-30aae0d5caf3",
        "c049c452-fb2e-47f3-bda7-b9d443d0a235",
        "2128d3b4-1623-4f7e-bc16-2120f97b15b1"
      ],
      "failures": [],
      "pending": [
        "fb4bf29b-780e-4dd4-ae18-c4c5298964ee",
        "f42fe53e-bfd5-4209-85a1-ab4d393da83b"
      ],
      "skipped": [],
      "duration": 1076,
      "root": true,
      "rootEmpty": false,
      "_timeout": 10000
    }
  ],
  "meta": {
    "mocha": {
      "version": "10.7.3"
    },
    "mochawesome": {
      "options": {
        "quiet": false,
        "reportFilename": "mochawesome",
        "saveHtml": true,
        "saveJson": true,
        "consoleReporter": "spec",
        "useInlineDiffs": false,
        "code": true
      },
      "version": "7.1.3"
    },
    "marge": {
      "options": null,
      "version": "6.2.0"
    }
  }
}